==============================================================================

                  ------ MOMENTUM STATISTICS (MW mode) ------

              Momentum MomEngine_64 2020.00.283 (*) built: Jul 17 2019
                           Mon Mar 18 10:40:14 2024

==============================================================================


------------------------------------------------------------------------------
MESH
------------------------------------------------------------------------------
 Frequency         : 3 GHz

 Rectangular cells : 24
 Triangular cells  : 0
 Via cells         : 0

 Edge currents     : 43

------------------------------------------------------------------------------
SOLVER                        USER TIME      ELAPSED TIME      MEMORY         
PROCESSES                      (h:m:s)          (h:m:s)         (MB)          
------------------------------------------------------------------------------

SIMULATION SET-UP
-----------------
 Initialization           |     0: 0: 0   |     0: 0: 0   |     32.34   
 Ports analysis           |     0: 0: 0   |     0: 0: 0   |      0.04   
 Mesh processing          |     0: 0: 0   |     0: 0: 0   |     30.40   

 Matrix size : 234
 Reduced matrix size : 224
 Estimated process size is below 256.00 MB

 Simulation temperature : 298.15 K

1. SIMULATION FREQUENCY = 1 GHz 
-------------------------
 Green functions          |     0: 0: 0   |     0: 0: 0   |      0.67   
 Basis creation           |     0: 0: 0   |     0: 0: 0   |      3.20   
 Matrix load              |     0: 0: 0   |     0: 0: 0   |     29.20   
 Matrix solve             |     0: 0: 0   |     0: 0: 0   |      0.00   
 S parameters             |     0: 0: 0   |     0: 0: 1   |      0.00   

2. SIMULATION FREQUENCY = 3 GHz 
-------------------------
 Green functions          |     0: 0: 1   |     0: 0: 0   |      0.00   
 Matrix load              |     0: 0: 0   |     0: 0: 0   |      6.52   
 Matrix solve             |     0: 0: 0   |     0: 0: 0   |      0.00   
 S parameters             |     0: 0: 0   |     0: 0: 0   |      0.00   
 Adaptive sampling        |     0: 0: 0   |     0: 0: 0   |      0.00   

3. SIMULATION FREQUENCY = 2.33333 GHz 
-------------------------
 Green functions          |     0: 0: 1   |     0: 0: 0   |      0.00   
 Matrix load              |     0: 0: 0   |     0: 0: 0   |      0.48   
 Matrix solve             |     0: 0: 0   |     0: 0: 0   |      0.00   
 S parameters             |     0: 0: 0   |     0: 0: 0   |      0.00   
 Adaptive sampling        |     0: 0: 0   |     0: 0: 0   |      0.00   

4. SIMULATION FREQUENCY = 1.66667 GHz 
-------------------------
 Green functions          |     0: 0: 1   |     0: 0: 1   |      0.00   
 Matrix load              |     0: 0: 1   |     0: 0: 0   |      0.29   
 Matrix solve             |     0: 0: 0   |     0: 0: 0   |      0.00   
 S parameters             |     0: 0: 0   |     0: 0: 0   |      0.00   
 Adaptive sampling        |     0: 0: 0   |     0: 0: 0   |      0.00   

------------------------------------------------------------------------------
TOTALS
------------------------------------------------------------------------------
 Nr of Frequencies   : 4 

 Physical memory :   103.14 MB
 Virtual memory  :   101.32 MB
 Page faults     :       47755
 User Time       :    0h 0m 4s
 Elapsed Time    :    0h 0m 2s

==============================================================================

